running develop
running egg_info
creating intro_to_ros.egg-info
writing intro_to_ros.egg-info/PKG-INFO
writing dependency_links to intro_to_ros.egg-info/dependency_links.txt
writing entry points to intro_to_ros.egg-info/entry_points.txt
writing requirements to intro_to_ros.egg-info/requires.txt
writing top-level names to intro_to_ros.egg-info/top_level.txt
writing manifest file 'intro_to_ros.egg-info/SOURCES.txt'
reading manifest file 'intro_to_ros.egg-info/SOURCES.txt'
writing manifest file 'intro_to_ros.egg-info/SOURCES.txt'
running build_ext
Creating /home/katexu66/auvc_ws/src/intro_to_ros/install/intro_to_ros/lib/python3.12/site-packages/intro-to-ros.egg-link (link to .)
Installing publisher script to /home/katexu66/auvc_ws/src/intro_to_ros/install/intro_to_ros/lib/intro_to_ros
Installing subscriber script to /home/katexu66/auvc_ws/src/intro_to_ros/install/intro_to_ros/lib/intro_to_ros

Installed /home/katexu66/auvc_ws/src/intro_to_ros/build/intro_to_ros
running symlink_data
creating /home/katexu66/auvc_ws/src/intro_to_ros/install/intro_to_ros/share/ament_index
creating /home/katexu66/auvc_ws/src/intro_to_ros/install/intro_to_ros/share/ament_index/resource_index
creating /home/katexu66/auvc_ws/src/intro_to_ros/install/intro_to_ros/share/ament_index/resource_index/packages
symbolically linking /home/katexu66/auvc_ws/src/intro_to_ros/build/intro_to_ros/resource/intro_to_ros -> /home/katexu66/auvc_ws/src/intro_to_ros/install/intro_to_ros/share/ament_index/resource_index/packages
symbolically linking /home/katexu66/auvc_ws/src/intro_to_ros/build/intro_to_ros/package.xml -> /home/katexu66/auvc_ws/src/intro_to_ros/install/intro_to_ros/share/intro_to_ros
